<?xml version="1.0" encoding="UTF-8"?>
<!-- Generated by org.testng.reporters.JUnitReportReporter -->
<testsuite hostname="Viraj-Laptop" failures="0" tests="1" name="TestCase.FirstTest" time="10.288" errors="0" timestamp="2022-08-15T20:47:49 IST" skipped="0">
  <testcase classname="TestCase.FirstTest" name="runApp" time="10.288"/>
  <system-out/>
</testsuite> <!-- TestCase.FirstTest -->
