<?xml version="1.0" encoding="UTF-8"?>
<!-- Generated by org.testng.reporters.JUnitReportReporter -->
<testsuite hostname="Viraj-Laptop" failures="0" tests="1" name="TestCase.Sign_In_Page_Test" time="0.014" errors="0" timestamp="2022-08-07T09:56:23 IST" skipped="0">
  <testcase classname="TestCase.Sign_In_Page_Test" name="verify_app_is_launch" time="0.014"/>
  <system-out/>
</testsuite> <!-- TestCase.Sign_In_Page_Test -->
